<?xml version="1.0" encoding="UTF-8"?>
<!-- Generated by org.testng.reporters.JUnitReportReporter -->
<testsuite ignored="0" hostname="LAPTOP-39CAP8MA" failures="0" tests="6" name="com.example.test.SpringBootApplicationTest" time="0.047" errors="0" timestamp="07 Oct 2021 11:45:00 GMT" skipped="0">
  <testcase classname="com.example.test.SpringBootApplicationTest" name="testFindEmployeeBySalary" time="0.002"/>
  <testcase classname="com.example.test.SpringBootApplicationTest" name="testFindEmployee" time="0.009"/>
  <testcase classname="com.example.test.SpringBootApplicationTest" name="testFindEmployee" time="0.008"/>
  <testcase classname="com.example.test.SpringBootApplicationTest" name="testFindEmployee" time="0.010"/>
  <testcase classname="com.example.test.SpringBootApplicationTest" name="testFindEmployee" time="0.009"/>
  <testcase classname="com.example.test.SpringBootApplicationTest" name="testFindEmployee" time="0.009"/>
</testsuite> <!-- com.example.test.SpringBootApplicationTest -->
