<?xml version="1.0" encoding="UTF-8"?>
<!-- Generated by org.testng.reporters.JUnitReportReporter -->
<testsuite ignored="1" hostname="LAPTOP-39CAP8MA" failures="0" tests="5" name="com.example.test.ReadCsvAndJSONTest" time="0.495" errors="0" timestamp="13 Oct 2021 08:17:51 GMT" skipped="0">
  <testcase classname="com.example.test.ReadCsvAndJSONTest" name="testWithCsv" time="0.003"/>
  <testcase classname="com.example.test.ReadCsvAndJSONTest" name="testWithCsv" time="0.002"/>
  <testcase classname="com.example.test.ReadCsvAndJSONTest" name="testWithCsv" time="0.001"/>
  <testcase classname="com.example.test.ReadCsvAndJSONTest" name="testWithCsv" time="0.488"/>
  <testcase classname="com.example.test.ReadCsvAndJSONTest" name="testWithCsv" time="0.001"/>
  <testcase classname="com.example.test.ReadCsvAndJSONTest" name="testFindEmployeeBySalary">
    <skipped/>
  </testcase> <!-- testFindEmployeeBySalary -->
</testsuite> <!-- com.example.test.ReadCsvAndJSONTest -->
