<?xml version="1.0" encoding="UTF-8"?>
<!-- Generated by org.testng.reporters.JUnitReportReporter -->
<testsuite ignored="9" hostname="LAPTOP-39CAP8MA" failures="0" tests="2" name="com.example.test.SpringBootApplicationTest" time="0.005" errors="0" timestamp="13 Oct 2021 05:03:41 GMT" skipped="0">
  <testcase classname="com.example.test.SpringBootApplicationTest" name="dpFactoryTestser" time="0.003"/>
  <testcase classname="com.example.test.SpringBootApplicationTest" name="dpFactoryTestser" time="0.002"/>
  <testcase classname="io.cucumber.testng.AbstractTestNGCucumberTests" name="runScenario">
    <skipped/>
  </testcase> <!-- runScenario -->
  <testcase classname="com.example.test.SpringBootApplicationTest" name="testFindEmployee">
    <skipped/>
  </testcase> <!-- testFindEmployee -->
  <testcase classname="com.example.test.SpringBootApplicationTest" name="testDP">
    <skipped/>
  </testcase> <!-- testDP -->
  <testcase classname="com.example.test.SpringBootApplicationTest" name="myTest">
    <skipped/>
  </testcase> <!-- myTest -->
  <testcase classname="com.example.test.SpringBootApplicationTest" name="testFindEmployeeBySalary">
    <skipped/>
  </testcase> <!-- testFindEmployeeBySalary -->
  <testcase classname="com.example.test.SpringBootApplicationTest" name="OP">
    <skipped/>
  </testcase> <!-- OP -->
  <testcase classname="com.example.test.SpringBootApplicationTest" name="dpListTestser">
    <skipped/>
  </testcase> <!-- dpListTestser -->
  <testcase classname="com.example.test.SpringBootApplicationTest" name="dpMapTestser">
    <skipped/>
  </testcase> <!-- dpMapTestser -->
  <testcase classname="com.example.test.SpringBootApplicationTest" name="myTest2">
    <skipped/>
  </testcase> <!-- myTest2 -->
</testsuite> <!-- com.example.test.SpringBootApplicationTest -->
