<?xml version="1.0" encoding="UTF-8"?>
<!-- Generated by org.testng.reporters.JUnitReportReporter -->
<testsuite hostname="LAPTOP-39CAP8MA" failures="0" tests="7" name="com.example.test.SpringBootApplicationTest" time="0.017" errors="0" timestamp="4 Oct 2021 14:20:53 GMT">
  <testcase classname="com.example.test.SpringBootApplicationTest" name="testFindEmployee" time="0.007"/>
  <testcase classname="com.example.test.SpringBootApplicationTest" name="testFindEmployee" time="0.000"/>
  <testcase classname="com.example.test.SpringBootApplicationTest" name="testFindEmployee" time="0.001"/>
  <testcase classname="com.example.test.SpringBootApplicationTest" name="testFindEmployeeBySalary" time="0.003"/>
  <testcase classname="com.example.test.SpringBootApplicationTest" name="testFindEmployeeBySalary" time="0.005"/>
  <testcase classname="com.example.test.SpringBootApplicationTest" name="testFindEmployee" time="0.000"/>
  <testcase classname="com.example.test.SpringBootApplicationTest" name="testFindEmployee" time="0.001"/>
</testsuite> <!-- com.example.test.SpringBootApplicationTest -->
