<?xml version="1.0" encoding="UTF-8"?>
<!-- Generated by org.testng.reporters.JUnitReportReporter -->
<testsuite ignored="0" hostname="LAPTOP-39CAP8MA" failures="0" tests="6" name="com.example.test.SpringBootApplicationTest" time="0.045" errors="0" timestamp="07 Oct 2021 11:15:14 GMT" skipped="1">
  <testcase classname="com.example.test.SpringBootApplicationTest" name="testFindEmployee" time="0.009"/>
  <testcase classname="com.example.test.SpringBootApplicationTest" name="testFindEmployee" time="0.009"/>
  <testcase classname="com.example.test.SpringBootApplicationTest" name="testFindEmployee" time="0.009"/>
  <testcase classname="com.example.test.SpringBootApplicationTest" name="testFindEmployee" time="0.009"/>
  <testcase classname="com.example.test.SpringBootApplicationTest" name="testFindEmployeeBySalary" time="0.002">
    <skipped/>
  </testcase> <!-- testFindEmployeeBySalary -->
  <testcase classname="com.example.test.SpringBootApplicationTest" name="testFindEmployee" time="0.007"/>
</testsuite> <!-- com.example.test.SpringBootApplicationTest -->
