<?xml version="1.0" encoding="UTF-8"?>
<!-- Generated by org.testng.reporters.JUnitReportReporter -->
<testsuite hostname="LAPTOP-39CAP8MA" failures="0" tests="5" name="com.example.test.SpringBootApplicationTest" time="0.011" errors="0" timestamp="30 Sep 2021 16:20:30 GMT">
  <testcase classname="com.example.test.SpringBootApplicationTest" name="testFindEmployee" time="0.000"/>
  <testcase classname="com.example.test.SpringBootApplicationTest" name="testFindEmployee" time="0.001"/>
  <testcase classname="com.example.test.SpringBootApplicationTest" name="testFindEmployee" time="0.000"/>
  <testcase classname="com.example.test.SpringBootApplicationTest" name="testFindEmployee" time="0.010"/>
  <testcase classname="com.example.test.SpringBootApplicationTest" name="testFindEmployee" time="0.000"/>
</testsuite> <!-- com.example.test.SpringBootApplicationTest -->
